#
# There is insufficient memory for the Java Runtime Environment to continue.
# Native memory allocation (malloc) failed to allocate 21757952 bytes for committing reserved memory.
# Possible reasons:
#   The system is out of physical RAM or swap space
#   In 32 bit mode, the process size limit was hit
# Possible solutions:
#   Reduce memory load on the system
#   Increase physical memory or swap space
#   Check if swap backing store is full
#   Use 64 bit Java on a 64 bit OS
#   Decrease Java heap size (-Xmx/-Xms)
#   Decrease number of Java threads
#   Decrease Java thread stack sizes (-Xss)
#   Set larger code cache with -XX:ReservedCodeCacheSize=
# This output file may be truncated or incomplete.
#
#  Out of Memory Error (os_linux.cpp:2798), pid=4184, tid=140057546409728
#
# JRE version:  (7.0_65-b32) (build )
# Java VM: OpenJDK 64-Bit Server VM (24.65-b04 mixed mode linux-amd64 compressed oops)
# Derivative: IcedTea 2.5.3
# Distribution: Ubuntu 14.10, package 7u71-2.5.3-0ubuntu1
# Failed to write core dump. Core dumps have been disabled. To enable core dumping, try "ulimit -c unlimited" before starting Java again
#

---------------  T H R E A D  ---------------

Current thread (0x00007f61a800a000):  JavaThread "Unknown thread" [_thread_in_vm, id=4192, stack(0x00007f61b03d4000,0x00007f61b04d5000)]

Stack: [0x00007f61b03d4000,0x00007f61b04d5000],  sp=0x00007f61b04d3140,  free space=1020k
Native frames: (J=compiled Java code, j=interpreted, Vv=VM code, C=native code)
V  [libjvm.so+0x980aa6]  VMError::report_and_die()+0x186
V  [libjvm.so+0x48fed2]  report_vm_out_of_memory(char const*, int, unsigned long, char const*)+0x92
V  [libjvm.so+0x7f480b]  os::pd_commit_memory(char*, unsigned long, unsigned long, bool)+0xeb
V  [libjvm.so+0x7eef1e]  os::commit_memory(char*, unsigned long, unsigned long, bool)+0x2e
V  [libjvm.so+0x97d934]  VirtualSpace::expand_by(unsigned long, bool)+0x1c4
V  [libjvm.so+0x575232]  CardGeneration::CardGeneration(ReservedSpace, unsigned long, int, GenRemSet*)+0x102
V  [libjvm.so+0x4302dc]  CompactingPermGenGen::CompactingPermGenGen(ReservedSpace, ReservedSpace, unsigned long, int, GenRemSet*, ContiguousSpace*, PermanentGenerationSpec*)+0x98
V  [libjvm.so+0x83a4c9]  CompactingPermGen::CompactingPermGen(ReservedSpace, ReservedSpace, unsigned long, GenRemSet*, PermanentGenerationSpec*)+0x119
V  [libjvm.so+0x5763f1]  PermanentGenerationSpec::init(ReservedSpace, unsigned long, GenRemSet*)+0x251
V  [libjvm.so+0x564e7a]  GenCollectedHeap::initialize()+0x43a
V  [libjvm.so+0x94b067]  Universe::initialize_heap()+0xc7
V  [libjvm.so+0x94b3b6]  universe_init()+0x76
V  [libjvm.so+0x5b025f]  init_globals()+0x5f
V  [libjvm.so+0x92c4ef]  Threads::create_vm(JavaVMInitArgs*, bool*)+0x36f
V  [libjvm.so+0x61f360]  JNI_CreateJavaVM+0x60
C  [libjli.so+0x2b8e]


---------------  P R O C E S S  ---------------

Java Threads: ( => current thread )

Other Threads:

=>0x00007f61a800a000 (exited) JavaThread "Unknown thread" [_thread_in_vm, id=4192, stack(0x00007f61b03d4000,0x00007f61b04d5000)]

VM state:not at safepoint (not fully initialized)

VM Mutex/Monitor currently owned by a thread: None

GC Heap History (0 events):
No events

Deoptimization events (0 events):
No events

Internal exceptions (0 events):
No events

Events (0 events):
No events


Dynamic libraries:
00400000-00401000 r-xp 00000000 08:01 2368456                            /usr/lib/jvm/java-7-openjdk-amd64/jre/bin/java
00600000-00601000 r--p 00000000 08:01 2368456                            /usr/lib/jvm/java-7-openjdk-amd64/jre/bin/java
00601000-00602000 rw-p 00001000 08:01 2368456                            /usr/lib/jvm/java-7-openjdk-amd64/jre/bin/java
02065000-02086000 rw-p 00000000 00:00 0                                  [heap]
b5a00000-b5f30000 rw-p 00000000 00:00 0 
b5f30000-caf50000 rw-p 00000000 00:00 0 
caf50000-cb9b0000 rw-p 00000000 00:00 0 
cb9b0000-f5a00000 rw-p 00000000 00:00 0 
f6ec0000-100000000 rw-p 00000000 00:00 0 
7f61a5000000-7f61a5270000 rwxp 00000000 00:00 0 
7f61a5270000-7f61a8025000 rw-p 00000000 00:00 0 
7f61a8025000-7f61ac000000 ---p 00000000 00:00 0 
7f61ac9e6000-7f61acc25000 rw-p 00000000 00:00 0 
7f61acc25000-7f61acd75000 rw-p 00000000 00:00 0 
7f61acd75000-7f61acd78000 rw-p 00000000 00:00 0 
7f61acd78000-7f61ace1f000 rw-p 00000000 00:00 0 
7f61ace1f000-7f61ace25000 rw-p 00000000 00:00 0 
7f61ace25000-7f61acfc8000 rw-p 00000000 00:00 0 
7f61acfc8000-7f61acfc9000 rw-p 00000000 00:00 0 
7f61acfc9000-7f61acfd1000 r-xp 00000000 08:01 2368373                    /usr/lib/jvm/java-7-openjdk-amd64/jre/lib/amd64/libzip.so
7f61acfd1000-7f61ad1d0000 ---p 00008000 08:01 2368373                    /usr/lib/jvm/java-7-openjdk-amd64/jre/lib/amd64/libzip.so
7f61ad1d0000-7f61ad1d1000 r--p 00007000 08:01 2368373                    /usr/lib/jvm/java-7-openjdk-amd64/jre/lib/amd64/libzip.so
7f61ad1d1000-7f61ad1d2000 rw-p 00008000 08:01 2368373                    /usr/lib/jvm/java-7-openjdk-amd64/jre/lib/amd64/libzip.so
7f61ad1d2000-7f61ad1dd000 r-xp 00000000 08:01 393277                     /lib/x86_64-linux-gnu/libnss_files-2.19.so
7f61ad1dd000-7f61ad3dc000 ---p 0000b000 08:01 393277                     /lib/x86_64-linux-gnu/libnss_files-2.19.so
7f61ad3dc000-7f61ad3dd000 r--p 0000a000 08:01 393277                     /lib/x86_64-linux-gnu/libnss_files-2.19.so
7f61ad3dd000-7f61ad3de000 rw-p 0000b000 08:01 393277                     /lib/x86_64-linux-gnu/libnss_files-2.19.so
7f61ad3de000-7f61ad3e9000 r-xp 00000000 08:01 393269                     /lib/x86_64-linux-gnu/libnss_nis-2.19.so
7f61ad3e9000-7f61ad5e8000 ---p 0000b000 08:01 393269                     /lib/x86_64-linux-gnu/libnss_nis-2.19.so
7f61ad5e8000-7f61ad5e9000 r--p 0000a000 08:01 393269                     /lib/x86_64-linux-gnu/libnss_nis-2.19.so
7f61ad5e9000-7f61ad5ea000 rw-p 0000b000 08:01 393269                     /lib/x86_64-linux-gnu/libnss_nis-2.19.so
7f61ad5ea000-7f61ad601000 r-xp 00000000 08:01 393231                     /lib/x86_64-linux-gnu/libnsl-2.19.so
7f61ad601000-7f61ad800000 ---p 00017000 08:01 393231                     /lib/x86_64-linux-gnu/libnsl-2.19.so
7f61ad800000-7f61ad801000 r--p 00016000 08:01 393231                     /lib/x86_64-linux-gnu/libnsl-2.19.so
7f61ad801000-7f61ad802000 rw-p 00017000 08:01 393231                     /lib/x86_64-linux-gnu/libnsl-2.19.so
7f61ad802000-7f61ad804000 rw-p 00000000 00:00 0 
7f61ad804000-7f61ad80d000 r-xp 00000000 08:01 393265                     /lib/x86_64-linux-gnu/libnss_compat-2.19.so
7f61ad80d000-7f61ada0c000 ---p 00009000 08:01 393265                     /lib/x86_64-linux-gnu/libnss_compat-2.19.so
7f61ada0c000-7f61ada0d000 r--p 00008000 08:01 393265                     /lib/x86_64-linux-gnu/libnss_compat-2.19.so
7f61ada0d000-7f61ada0e000 rw-p 00009000 08:01 393265                     /lib/x86_64-linux-gnu/libnss_compat-2.19.so
7f61ada0e000-7f61ada3b000 r-xp 00000000 08:01 2368370                    /usr/lib/jvm/java-7-openjdk-amd64/jre/lib/amd64/libjava.so
7f61ada3b000-7f61adc3a000 ---p 0002d000 08:01 2368370                    /usr/lib/jvm/java-7-openjdk-amd64/jre/lib/amd64/libjava.so
7f61adc3a000-7f61adc3b000 r--p 0002c000 08:01 2368370                    /usr/lib/jvm/java-7-openjdk-amd64/jre/lib/amd64/libjava.so
7f61adc3b000-7f61adc3d000 rw-p 0002d000 08:01 2368370                    /usr/lib/jvm/java-7-openjdk-amd64/jre/lib/amd64/libjava.so
7f61adc3d000-7f61adc4e000 r-xp 00000000 08:01 2368385                    /usr/lib/jvm/java-7-openjdk-amd64/jre/lib/amd64/libverify.so
7f61adc4e000-7f61ade4d000 ---p 00011000 08:01 2368385                    /usr/lib/jvm/java-7-openjdk-amd64/jre/lib/amd64/libverify.so
7f61ade4d000-7f61ade4f000 r--p 00010000 08:01 2368385                    /usr/lib/jvm/java-7-openjdk-amd64/jre/lib/amd64/libverify.so
7f61ade4f000-7f61ade50000 rw-p 00012000 08:01 2368385                    /usr/lib/jvm/java-7-openjdk-amd64/jre/lib/amd64/libverify.so
7f61ade50000-7f61ade57000 r-xp 00000000 08:01 393268                     /lib/x86_64-linux-gnu/librt-2.19.so
7f61ade57000-7f61ae056000 ---p 00007000 08:01 393268                     /lib/x86_64-linux-gnu/librt-2.19.so
7f61ae056000-7f61ae057000 r--p 00006000 08:01 393268                     /lib/x86_64-linux-gnu/librt-2.19.so
7f61ae057000-7f61ae058000 rw-p 00007000 08:01 393268                     /lib/x86_64-linux-gnu/librt-2.19.so
7f61ae058000-7f61ae06e000 r-xp 00000000 08:01 398171                     /lib/x86_64-linux-gnu/libgcc_s.so.1
7f61ae06e000-7f61ae26d000 ---p 00016000 08:01 398171                     /lib/x86_64-linux-gnu/libgcc_s.so.1
7f61ae26d000-7f61ae26e000 r--p 00015000 08:01 398171                     /lib/x86_64-linux-gnu/libgcc_s.so.1
7f61ae26e000-7f61ae26f000 rw-p 00016000 08:01 398171                     /lib/x86_64-linux-gnu/libgcc_s.so.1
7f61ae26f000-7f61ae374000 r-xp 00000000 08:01 393270                     /lib/x86_64-linux-gnu/libm-2.19.so
7f61ae374000-7f61ae573000 ---p 00105000 08:01 393270                     /lib/x86_64-linux-gnu/libm-2.19.so
7f61ae573000-7f61ae574000 r--p 00104000 08:01 393270                     /lib/x86_64-linux-gnu/libm-2.19.so
7f61ae574000-7f61ae575000 rw-p 00105000 08:01 393270                     /lib/x86_64-linux-gnu/libm-2.19.so
7f61ae575000-7f61ae665000 r-xp 00000000 08:01 530490                     /usr/lib/x86_64-linux-gnu/libstdc++.so.6.0.20
7f61ae665000-7f61ae865000 ---p 000f0000 08:01 530490                     /usr/lib/x86_64-linux-gnu/libstdc++.so.6.0.20
7f61ae865000-7f61ae86d000 r--p 000f0000 08:01 530490                     /usr/lib/x86_64-linux-gnu/libstdc++.so.6.0.20
7f61ae86d000-7f61ae86f000 rw-p 000f8000 08:01 530490                     /usr/lib/x86_64-linux-gnu/libstdc++.so.6.0.20
7f61ae86f000-7f61ae884000 rw-p 00000000 00:00 0 
7f61ae884000-7f61af3d1000 r-xp 00000000 08:01 2368399                    /usr/lib/jvm/java-7-openjdk-amd64/jre/lib/amd64/server/libjvm.so
7f61af3d1000-7f61af5d1000 ---p 00b4d000 08:01 2368399                    /usr/lib/jvm/java-7-openjdk-amd64/jre/lib/amd64/server/libjvm.so
7f61af5d1000-7f61af670000 r--p 00b4d000 08:01 2368399                    /usr/lib/jvm/java-7-openjdk-amd64/jre/lib/amd64/server/libjvm.so
7f61af670000-7f61af693000 rw-p 00bec000 08:01 2368399                    /usr/lib/jvm/java-7-openjdk-amd64/jre/lib/amd64/server/libjvm.so
7f61af693000-7f61af6c0000 rw-p 00000000 00:00 0 
7f61af6c0000-7f61af6d8000 r-xp 00000000 08:01 398308                     /lib/x86_64-linux-gnu/libz.so.1.2.8
7f61af6d8000-7f61af8d7000 ---p 00018000 08:01 398308                     /lib/x86_64-linux-gnu/libz.so.1.2.8
7f61af8d7000-7f61af8d8000 r--p 00017000 08:01 398308                     /lib/x86_64-linux-gnu/libz.so.1.2.8
7f61af8d8000-7f61af8d9000 rw-p 00018000 08:01 398308                     /lib/x86_64-linux-gnu/libz.so.1.2.8
7f61af8d9000-7f61af8f1000 r-xp 00000000 08:01 393266                     /lib/x86_64-linux-gnu/libpthread-2.19.so
7f61af8f1000-7f61afaf1000 ---p 00018000 08:01 393266                     /lib/x86_64-linux-gnu/libpthread-2.19.so
7f61afaf1000-7f61afaf2000 r--p 00018000 08:01 393266                     /lib/x86_64-linux-gnu/libpthread-2.19.so
7f61afaf2000-7f61afaf3000 rw-p 00019000 08:01 393266                     /lib/x86_64-linux-gnu/libpthread-2.19.so
7f61afaf3000-7f61afaf7000 rw-p 00000000 00:00 0 
7f61afaf7000-7f61afafa000 r-xp 00000000 08:01 398131                     /lib/x86_64-linux-gnu/libdl-2.19.so
7f61afafa000-7f61afcf9000 ---p 00003000 08:01 398131                     /lib/x86_64-linux-gnu/libdl-2.19.so
7f61afcf9000-7f61afcfa000 r--p 00002000 08:01 398131                     /lib/x86_64-linux-gnu/libdl-2.19.so
7f61afcfa000-7f61afcfb000 rw-p 00003000 08:01 398131                     /lib/x86_64-linux-gnu/libdl-2.19.so
7f61afcfb000-7f61afeb5000 r-xp 00000000 08:01 393221                     /lib/x86_64-linux-gnu/libc-2.19.so
7f61afeb5000-7f61b00b5000 ---p 001ba000 08:01 393221                     /lib/x86_64-linux-gnu/libc-2.19.so
7f61b00b5000-7f61b00b9000 r--p 001ba000 08:01 393221                     /lib/x86_64-linux-gnu/libc-2.19.so
7f61b00b9000-7f61b00bb000 rw-p 001be000 08:01 393221                     /lib/x86_64-linux-gnu/libc-2.19.so
7f61b00bb000-7f61b00c0000 rw-p 00000000 00:00 0 
7f61b00c0000-7f61b00cd000 r-xp 00000000 08:01 2368405                    /usr/lib/jvm/java-7-openjdk-amd64/jre/lib/amd64/jli/libjli.so
7f61b00cd000-7f61b02cc000 ---p 0000d000 08:01 2368405                    /usr/lib/jvm/java-7-openjdk-amd64/jre/lib/amd64/jli/libjli.so
7f61b02cc000-7f61b02cd000 r--p 0000c000 08:01 2368405                    /usr/lib/jvm/java-7-openjdk-amd64/jre/lib/amd64/jli/libjli.so
7f61b02cd000-7f61b02ce000 rw-p 0000d000 08:01 2368405                    /usr/lib/jvm/java-7-openjdk-amd64/jre/lib/amd64/jli/libjli.so
7f61b02ce000-7f61b02f1000 r-xp 00000000 08:01 393272                     /lib/x86_64-linux-gnu/ld-2.19.so
7f61b0314000-7f61b031e000 rw-p 00000000 00:00 0 
7f61b031e000-7f61b03d4000 rw-p 00000000 00:00 0 
7f61b03d4000-7f61b03d7000 ---p 00000000 00:00 0 
7f61b03d7000-7f61b04da000 rw-p 00000000 00:00 0                          [stack:4192]
7f61b04e2000-7f61b04e4000 rw-p 00000000 00:00 0 
7f61b04e4000-7f61b04ec000 rw-s 00000000 08:01 1091702                    /tmp/hsperfdata_ubuntu/4184
7f61b04ec000-7f61b04ed000 rw-p 00000000 00:00 0 
7f61b04ed000-7f61b04ee000 r--p 00000000 00:00 0 
7f61b04ee000-7f61b04f0000 rw-p 00000000 00:00 0 
7f61b04f0000-7f61b04f1000 r--p 00022000 08:01 393272                     /lib/x86_64-linux-gnu/ld-2.19.so
7f61b04f1000-7f61b04f2000 rw-p 00023000 08:01 393272                     /lib/x86_64-linux-gnu/ld-2.19.so
7f61b04f2000-7f61b04f3000 rw-p 00000000 00:00 0 
7fff05e1b000-7fff05e3d000 rw-p 00000000 00:00 0                          [stack]
7fff05f01000-7fff05f03000 r-xp 00000000 00:00 0                          [vdso]
7fff05f03000-7fff05f05000 r--p 00000000 00:00 0                          [vvar]
ffffffffff600000-ffffffffff601000 r-xp 00000000 00:00 0                  [vsyscall]

VM Arguments:
jvm_args: -Xmx1024M 
java_command: /home/ubuntu/Documents/android-sdk-linux/build-tools/21.1.1/lib/dx.jar --dex --output /home/ubuntu/workspace/phonegap/Phonegap/primeraapp/platforms/android/ant-build/classes.dex /home/ubuntu/workspace/phonegap/Phonegap/primeraapp/platforms/android/ant-build/classes /home/ubuntu/workspace/phonegap/Phonegap/primeraapp/platforms/android/ant-build/dexedLibs/classes-ff1489ffa6d8414ae8c233a2e5dda809.jar
Launcher Type: SUN_STANDARD

Environment Variables:
JAVA_HOME=/home/ubuntu/Documents/jdk1.8.0_25
PATH=/usr/local/sbin:/usr/local/bin:/usr/sbin:/usr/bin:/sbin:/bin:/usr/games:/usr/local/games:/home/ubuntu/Documents/jdk1.8.0_25/bin:/home/ubuntu/Documents/android-sdk-linux/tools
SHELL=/bin/bash
DISPLAY=:0.0

Signal Handlers:
SIGSEGV: [libjvm.so+0x981590], sa_mask[0]=0x7ffbfeff, sa_flags=0x10000004
SIGBUS: [libjvm.so+0x981590], sa_mask[0]=0x7ffbfeff, sa_flags=0x10000004
SIGFPE: [libjvm.so+0x7efd60], sa_mask[0]=0x7ffbfeff, sa_flags=0x10000004
SIGPIPE: [libjvm.so+0x7efd60], sa_mask[0]=0x7ffbfeff, sa_flags=0x10000004
SIGXFSZ: [libjvm.so+0x7efd60], sa_mask[0]=0x7ffbfeff, sa_flags=0x10000004
SIGILL: [libjvm.so+0x7efd60], sa_mask[0]=0x7ffbfeff, sa_flags=0x10000004
SIGUSR1: SIG_DFL, sa_mask[0]=0x00000000, sa_flags=0x00000000
SIGUSR2: [libjvm.so+0x7efbe0], sa_mask[0]=0x00000004, sa_flags=0x10000004
SIGHUP: SIG_DFL, sa_mask[0]=0x00000000, sa_flags=0x00000000
SIGINT: SIG_DFL, sa_mask[0]=0x00000000, sa_flags=0x00000000
SIGTERM: SIG_DFL, sa_mask[0]=0x00000000, sa_flags=0x00000000
SIGQUIT: SIG_DFL, sa_mask[0]=0x00000000, sa_flags=0x00000000
SIGTRAP: SIG_DFL, sa_mask[0]=0x00000000, sa_flags=0x00000000


---------------  S Y S T E M  ---------------

OS:Ubuntu 14.10 (utopic)
uname:Linux 3.16.0-23-generic #31-Ubuntu SMP Tue Oct 21 17:56:17 UTC 2014 x86_64
libc:glibc 2.19 NPTL 2.19 
rlimit: STACK 8192k, CORE 0k, NPROC 3887, NOFILE 4096, AS infinity
load average:2.63 1.09 0.62

/proc/meminfo:
MemTotal:        1017364 kB
MemFree:           71908 kB
MemAvailable:      28060 kB
Buffers:             248 kB
Cached:            14020 kB
SwapCached:            0 kB
Active:           859128 kB
Inactive:           8680 kB
Active(anon):     854400 kB
Inactive(anon):     4692 kB
Active(file):       4728 kB
Inactive(file):     3988 kB
Unevictable:          40 kB
Mlocked:              40 kB
SwapTotal:             0 kB
SwapFree:              0 kB
Dirty:                28 kB
Writeback:             0 kB
AnonPages:        853640 kB
Mapped:            11272 kB
Shmem:              5492 kB
Slab:              31696 kB
SReclaimable:      16204 kB
SUnreclaim:        15492 kB
KernelStack:        6768 kB
PageTables:        17464 kB
NFS_Unstable:          0 kB
Bounce:                0 kB
WritebackTmp:          0 kB
CommitLimit:      508680 kB
Committed_AS:    2917120 kB
VmallocTotal:   34359738367 kB
VmallocUsed:       22384 kB
VmallocChunk:   34359710824 kB
HardwareCorrupted:     0 kB
AnonHugePages:    180224 kB
HugePages_Total:       0
HugePages_Free:        0
HugePages_Rsvd:        0
HugePages_Surp:        0
Hugepagesize:       2048 kB
DirectMap4k:       36800 kB
DirectMap2M:     1011712 kB


CPU:total 1 (1 cores per cpu, 1 threads per core) family 6 model 58 stepping 9, cmov, cx8, fxsr, mmx, sse, sse2, sse3, ssse3, tsc

/proc/cpuinfo:
processor	: 0
vendor_id	: GenuineIntel
cpu family	: 6
model		: 58
model name	: Intel(R) Core(TM) i3-3240 CPU @ 3.40GHz
stepping	: 9
microcode	: 0x19
cpu MHz		: 3253.128
cache size	: 6144 KB
physical id	: 0
siblings	: 1
core id		: 0
cpu cores	: 1
apicid		: 0
initial apicid	: 0
fpu		: yes
fpu_exception	: yes
cpuid level	: 5
wp		: yes
flags		: fpu vme de pse tsc msr pae mce cx8 apic sep mtrr pge mca cmov pat pse36 clflush mmx fxsr sse sse2 syscall nx rdtscp lm constant_tsc rep_good nopl pni monitor ssse3 lahf_lm
bogomips	: 6506.25
clflush size	: 64
cache_alignment	: 64
address sizes	: 36 bits physical, 48 bits virtual
power management:



Memory: 4k page, physical 1017364k(71920k free), swap 0k(0k free)

vm_info: OpenJDK 64-Bit Server VM (24.65-b04) for linux-amd64 JRE (1.7.0_65-b32), built on Oct 22 2014 04:20:25 by "buildd" with gcc 4.9.1

time: Wed Feb 11 09:14:35 2015
elapsed time: 3 seconds

